<?xml version="1.0" encoding="UTF-8"?>
<testsuite name="com.todo.backend.BackendApplicationTests" tests="1" skipped="0" failures="0" errors="0" timestamp="2022-05-22T23:08:20" hostname="Melvins-MBP" time="0.768">
  <properties/>
  <testcase name="contextLoads()" classname="com.todo.backend.BackendApplicationTests" time="0.768"/>
  <system-out><![CDATA[01:08:15.451 [Test worker] DEBUG org.springframework.test.context.BootstrapUtils - Instantiating CacheAwareContextLoaderDelegate from class [org.springframework.test.context.cache.DefaultCacheAwareContextLoaderDelegate]
01:08:15.470 [Test worker] DEBUG org.springframework.test.context.BootstrapUtils - Instantiating BootstrapContext using constructor [public org.springframework.test.context.support.DefaultBootstrapContext(java.lang.Class,org.springframework.test.context.CacheAwareContextLoaderDelegate)]
01:08:15.526 [Test worker] DEBUG org.springframework.test.context.BootstrapUtils - Instantiating TestContextBootstrapper for test class [com.todo.backend.BackendApplicationTests] from class [org.springframework.boot.test.context.SpringBootTestContextBootstrapper]
01:08:15.549 [Test worker] INFO org.springframework.boot.test.context.SpringBootTestContextBootstrapper - Neither @ContextConfiguration nor @ContextHierarchy found for test class [com.todo.backend.BackendApplicationTests], using SpringBootContextLoader
01:08:15.554 [Test worker] DEBUG org.springframework.test.context.support.AbstractContextLoader - Did not detect default resource location for test class [com.todo.backend.BackendApplicationTests]: class path resource [com/todo/backend/BackendApplicationTests-context.xml] does not exist
01:08:15.556 [Test worker] DEBUG org.springframework.test.context.support.AbstractContextLoader - Did not detect default resource location for test class [com.todo.backend.BackendApplicationTests]: class path resource [com/todo/backend/BackendApplicationTestsContext.groovy] does not exist
01:08:15.557 [Test worker] INFO org.springframework.test.context.support.AbstractContextLoader - Could not detect default resource locations for test class [com.todo.backend.BackendApplicationTests]: no resource found for suffixes {-context.xml, Context.groovy}.
01:08:15.559 [Test worker] INFO org.springframework.test.context.support.AnnotationConfigContextLoaderUtils - Could not detect default configuration classes for test class [com.todo.backend.BackendApplicationTests]: BackendApplicationTests does not declare any static, non-private, non-final, nested classes annotated with @Configuration.
01:08:15.648 [Test worker] DEBUG org.springframework.test.context.support.ActiveProfilesUtils - Could not find an 'annotation declaring class' for annotation type [org.springframework.test.context.ActiveProfiles] and class [com.todo.backend.BackendApplicationTests]
01:08:15.736 [Test worker] DEBUG org.springframework.context.annotation.ClassPathScanningCandidateComponentProvider - Identified candidate component class: file [/Users/melvin/Developer/PPSKY_HA_2/backend/build/classes/java/main/com/todo/backend/BackendApplication.class]
01:08:15.769 [Test worker] INFO org.springframework.boot.test.context.SpringBootTestContextBootstrapper - Found @SpringBootConfiguration com.todo.backend.BackendApplication for test class com.todo.backend.BackendApplicationTests
01:08:15.922 [Test worker] DEBUG org.springframework.boot.test.context.SpringBootTestContextBootstrapper - @TestExecutionListeners is not present for class [com.todo.backend.BackendApplicationTests]: using defaults.
01:08:15.923 [Test worker] INFO org.springframework.boot.test.context.SpringBootTestContextBootstrapper - Loaded default TestExecutionListener class names from location [META-INF/spring.factories]: [org.springframework.boot.test.autoconfigure.restdocs.RestDocsTestExecutionListener, org.springframework.boot.test.autoconfigure.web.client.MockRestServiceServerResetTestExecutionListener, org.springframework.boot.test.autoconfigure.web.servlet.MockMvcPrintOnlyOnFailureTestExecutionListener, org.springframework.boot.test.autoconfigure.web.servlet.WebDriverTestExecutionListener, org.springframework.boot.test.autoconfigure.webservices.client.MockWebServiceServerTestExecutionListener, org.springframework.boot.test.mock.mockito.MockitoTestExecutionListener, org.springframework.boot.test.mock.mockito.ResetMocksTestExecutionListener, org.springframework.test.context.web.ServletTestExecutionListener, org.springframework.test.context.support.DirtiesContextBeforeModesTestExecutionListener, org.springframework.test.context.event.ApplicationEventsTestExecutionListener, org.springframework.test.context.support.DependencyInjectionTestExecutionListener, org.springframework.test.context.support.DirtiesContextTestExecutionListener, org.springframework.test.context.transaction.TransactionalTestExecutionListener, org.springframework.test.context.jdbc.SqlScriptsTestExecutionListener, org.springframework.test.context.event.EventPublishingTestExecutionListener]
01:08:15.951 [Test worker] INFO org.springframework.boot.test.context.SpringBootTestContextBootstrapper - Using TestExecutionListeners: [org.springframework.test.context.web.ServletTestExecutionListener@61884cb1, org.springframework.test.context.support.DirtiesContextBeforeModesTestExecutionListener@75ed9710, org.springframework.test.context.event.ApplicationEventsTestExecutionListener@4fc5e095, org.springframework.boot.test.mock.mockito.MockitoTestExecutionListener@435871cb, org.springframework.boot.test.autoconfigure.SpringBootDependencyInjectionTestExecutionListener@609640d5, org.springframework.test.context.support.DirtiesContextTestExecutionListener@79da1ec0, org.springframework.test.context.transaction.TransactionalTestExecutionListener@19fb8826, org.springframework.test.context.jdbc.SqlScriptsTestExecutionListener@192d74fb, org.springframework.test.context.event.EventPublishingTestExecutionListener@4bef0fe3, org.springframework.boot.test.autoconfigure.restdocs.RestDocsTestExecutionListener@62ea3440, org.springframework.boot.test.autoconfigure.web.client.MockRestServiceServerResetTestExecutionListener@27953a83, org.springframework.boot.test.autoconfigure.web.servlet.MockMvcPrintOnlyOnFailureTestExecutionListener@556d0826, org.springframework.boot.test.autoconfigure.web.servlet.WebDriverTestExecutionListener@66ce957f, org.springframework.boot.test.autoconfigure.webservices.client.MockWebServiceServerTestExecutionListener@55b5f5d2, org.springframework.boot.test.mock.mockito.ResetMocksTestExecutionListener@5bfa8cc5]
01:08:15.957 [Test worker] DEBUG org.springframework.test.context.support.AbstractDirtiesContextTestExecutionListener - Before test class: context [DefaultTestContext@2c88b9fc testClass = BackendApplicationTests, testInstance = [null], testMethod = [null], testException = [null], mergedContextConfiguration = [WebMergedContextConfiguration@64dafeed testClass = BackendApplicationTests, locations = '{}', classes = '{class com.todo.backend.BackendApplication}', contextInitializerClasses = '[]', activeProfiles = '{}', propertySourceLocations = '{}', propertySourceProperties = '{org.springframework.boot.test.context.SpringBootTestContextBootstrapper=true}', contextCustomizers = set[org.springframework.boot.test.autoconfigure.actuate.metrics.MetricsExportContextCustomizerFactory$DisableMetricExportContextCustomizer@3d246ea3, org.springframework.boot.test.autoconfigure.properties.PropertyMappingContextCustomizer@0, org.springframework.boot.test.autoconfigure.web.servlet.WebDriverContextCustomizerFactory$Customizer@51133c06, org.springframework.boot.test.context.filter.ExcludeFilterContextCustomizer@44d52de2, org.springframework.boot.test.json.DuplicateJsonObjectContextCustomizerFactory$DuplicateJsonObjectContextCustomizer@1e44b638, org.springframework.boot.test.mock.mockito.MockitoContextCustomizer@0, org.springframework.boot.test.web.client.TestRestTemplateContextCustomizer@16eccb2e, org.springframework.boot.test.context.SpringBootTestArgs@1, org.springframework.boot.test.context.SpringBootTestWebEnvironment@ae13544], resourceBasePath = 'src/main/webapp', contextLoader = 'org.springframework.boot.test.context.SpringBootContextLoader', parent = [null]], attributes = map['org.springframework.test.context.web.ServletTestExecutionListener.activateListener' -> true]], class annotated with @DirtiesContext [false] with mode [null].

  .   ____          _            __ _ _
 /\\ / ___'_ __ _ _(_)_ __  __ _ \ \ \ \
( ( )\___ | '_ | '_| | '_ \/ _` | \ \ \ \
 \\/  ___)| |_)| | | | | || (_| |  ) ) ) )
  '  |____| .__|_| |_|_| |_\__, | / / / /
 =========|_|==============|___/=/_/_/_/
 :: Spring Boot ::                (v2.6.7)

2022-05-23 01:08:16.597  INFO 66206 --- [    Test worker] c.todo.backend.BackendApplicationTests   : Starting BackendApplicationTests using Java 15.0.1 on Melvins-MBP with PID 66206 (started by melvin in /Users/melvin/Developer/PPSKY_HA_2/backend)
2022-05-23 01:08:16.599  INFO 66206 --- [    Test worker] c.todo.backend.BackendApplicationTests   : No active profile set, falling back to 1 default profile: "default"
2022-05-23 01:08:17.331  INFO 66206 --- [    Test worker] .s.d.r.c.RepositoryConfigurationDelegate : Bootstrapping Spring Data MongoDB repositories in DEFAULT mode.
2022-05-23 01:08:17.410  INFO 66206 --- [    Test worker] .s.d.r.c.RepositoryConfigurationDelegate : Finished Spring Data repository scanning in 69 ms. Found 1 MongoDB repository interfaces.
2022-05-23 01:08:18.494  INFO 66206 --- [    Test worker] org.mongodb.driver.cluster               : Cluster created with settings {hosts=[mongo_db:27017], mode=SINGLE, requiredClusterType=UNKNOWN, serverSelectionTimeout='30000 ms'}
2022-05-23 01:08:18.628  INFO 66206 --- [-mongo_db:27017] org.mongodb.driver.cluster               : Exception in monitor thread while connecting to server mongo_db:27017

com.mongodb.MongoSocketException: mongo_db
	at com.mongodb.ServerAddress.getSocketAddresses(ServerAddress.java:211) ~[mongodb-driver-core-4.4.2.jar:na]
	at com.mongodb.internal.connection.SocketStream.initializeSocket(SocketStream.java:75) ~[mongodb-driver-core-4.4.2.jar:na]
	at com.mongodb.internal.connection.SocketStream.open(SocketStream.java:65) ~[mongodb-driver-core-4.4.2.jar:na]
	at com.mongodb.internal.connection.InternalStreamConnection.open(InternalStreamConnection.java:180) ~[mongodb-driver-core-4.4.2.jar:na]
	at com.mongodb.internal.connection.DefaultServerMonitor$ServerMonitorRunnable.lookupServerDescription(DefaultServerMonitor.java:188) ~[mongodb-driver-core-4.4.2.jar:na]
	at com.mongodb.internal.connection.DefaultServerMonitor$ServerMonitorRunnable.run(DefaultServerMonitor.java:152) ~[mongodb-driver-core-4.4.2.jar:na]
	at java.base/java.lang.Thread.run(Thread.java:832) ~[na:na]
Caused by: java.net.UnknownHostException: mongo_db
	at java.base/java.net.InetAddress$CachedAddresses.get(InetAddress.java:800) ~[na:na]
	at java.base/java.net.InetAddress$NameServiceAddresses.get(InetAddress.java:886) ~[na:na]
	at java.base/java.net.InetAddress.getAllByName0(InetAddress.java:1507) ~[na:na]
	at java.base/java.net.InetAddress.getAllByName(InetAddress.java:1366) ~[na:na]
	at java.base/java.net.InetAddress.getAllByName(InetAddress.java:1300) ~[na:na]
	at com.mongodb.ServerAddress.getSocketAddresses(ServerAddress.java:203) ~[mongodb-driver-core-4.4.2.jar:na]
	... 6 common frames omitted

2022-05-23 01:08:20.567  INFO 66206 --- [    Test worker] c.todo.backend.BackendApplicationTests   : Started BackendApplicationTests in 4.534 seconds (JVM running for 6.711)
]]></system-out>
  <system-err><![CDATA[]]></system-err>
</testsuite>
